<?xml version="1.0" encoding="UTF-8"?>
<testsuite xmlns:xsi="http://www.w3.org/2001/XMLSchema-instance" xsi:noNamespaceSchemaLocation="https://maven.apache.org/surefire/maven-surefire-plugin/xsd/surefire-test-report.xsd" name="org.example.IntegerToRomanTest" time="0.035" tests="42" errors="0" skipped="0" failures="0">
  <properties>
[...]
</properties>
  <testcase name="testEdgeCaseFourHundred" classname="org.example.IntegerToRomanTest" time="0.002"/>
  <testcase name="testEightHundred" classname="org.example.IntegerToRomanTest" time="0"/>
  <testcase name="testOne" classname="org.example.IntegerToRomanTest" time="0"/>
  <testcase name="testSix" classname="org.example.IntegerToRomanTest" time="0"/>
  <testcase name="testTen" classname="org.example.IntegerToRomanTest" time="0"/>
  <testcase name="testTwo" classname="org.example.IntegerToRomanTest" time="0"/>
  <testcase name="testRandomOneHundredFortyFour" classname="org.example.IntegerToRomanTest" time="0"/>
  <testcase name="testEight" classname="org.example.IntegerToRomanTest" time="0"/>
  <testcase name="testFifty" classname="org.example.IntegerToRomanTest" time="0"/>
  <testcase name="testForty" classname="org.example.IntegerToRomanTest" time="0"/>
  <testcase name="testSeven" classname="org.example.IntegerToRomanTest" time="0.001"/>
  <testcase name="testSixty" classname="org.example.IntegerToRomanTest" time="0"/>
  <testcase name="testThree" classname="org.example.IntegerToRomanTest" time="0"/>
  <testcase name="testRandomTwentySeven" classname="org.example.IntegerToRomanTest" time="0"/>
  <testcase name="testFive" classname="org.example.IntegerToRomanTest" time="0"/>
  <testcase name="testFour" classname="org.example.IntegerToRomanTest" time="0.001"/>
  <testcase name="testNine" classname="org.example.IntegerToRomanTest" time="0"/>
  <testcase name="testRandomNinetyNine" classname="org.example.IntegerToRomanTest" time="0"/>
  <testcase name="testSixHundred" classname="org.example.IntegerToRomanTest" time="0"/>
  <testcase name="testFourHundred" classname="org.example.IntegerToRomanTest" time="0"/>
  <testcase name="testSevenHundred" classname="org.example.IntegerToRomanTest" time="0"/>
  <testcase name="testRandomFiftyEight" classname="org.example.IntegerToRomanTest" time="0"/>
  <testcase name="testEdgeCaseNinety" classname="org.example.IntegerToRomanTest" time="0"/>
  <testcase name="testRandomEightNinety" classname="org.example.IntegerToRomanTest" time="0"/>
  <testcase name="testThreeHundred" classname="org.example.IntegerToRomanTest" time="0"/>
  <testcase name="testThreeThousand" classname="org.example.IntegerToRomanTest" time="0"/>
  <testcase name="testTwoHundred" classname="org.example.IntegerToRomanTest" time="0"/>
  <testcase name="testEdgeCaseNineHundred" classname="org.example.IntegerToRomanTest" time="0"/>
  <testcase name="testHundred" classname="org.example.IntegerToRomanTest" time="0"/>
  <testcase name="testEdgeCaseFour" classname="org.example.IntegerToRomanTest" time="0"/>
  <testcase name="testEdgeCaseNine" classname="org.example.IntegerToRomanTest" time="0"/>
  <testcase name="testEighty" classname="org.example.IntegerToRomanTest" time="0"/>
  <testcase name="testNinety" classname="org.example.IntegerToRomanTest" time="0"/>
  <testcase name="testSeventy" classname="org.example.IntegerToRomanTest" time="0"/>
  <testcase name="testFiveHundred" classname="org.example.IntegerToRomanTest" time="0"/>
  <testcase name="testRandomNineteenNinetyFour" classname="org.example.IntegerToRomanTest" time="0"/>
  <testcase name="testNineHundred" classname="org.example.IntegerToRomanTest" time="0"/>
  <testcase name="testThirty" classname="org.example.IntegerToRomanTest" time="0"/>
  <testcase name="testTwenty" classname="org.example.IntegerToRomanTest" time="0"/>
  <testcase name="testEdgeCaseForty" classname="org.example.IntegerToRomanTest" time="0"/>
  <testcase name="testThousand" classname="org.example.IntegerToRomanTest" time="0"/>
  <testcase name="testTwoThousand" classname="org.example.IntegerToRomanTest" time="0.001"/>
</testsuite>