<?xml version="1.0" encoding="UTF-8"?>
<testsuite xmlns:xsi="http://www.w3.org/2001/XMLSchema-instance" xsi:noNamespaceSchemaLocation="https://maven.apache.org/surefire/maven-surefire-plugin/xsd/surefire-test-report.xsd" name="org.example.CompanyServiceTest" time="0.026" tests="10" errors="0" skipped="0" failures="0">
  <properties>
[...]
</properties>
  <testcase name="testGetTopLevelParentWithChild" classname="org.example.CompanyServiceTest" time="0.013"/>
  <testcase name="testGetEmployeeCountWithMultipleLevels" classname="org.example.CompanyServiceTest" time="0"/>
  <testcase name="testGetEmployeeCountForEmptyList" classname="org.example.CompanyServiceTest" time="0"/>
  <testcase name="testGetTopLevelParentWithNoParent" classname="org.example.CompanyServiceTest" time="0.001"/>
  <testcase name="testGetTopLevelParentWithParent" classname="org.example.CompanyServiceTest" time="0"/>
  <testcase name="testGetTopLevelParentWithGrandchild" classname="org.example.CompanyServiceTest" time="0.001"/>
  <testcase name="testGetEmployeeCountForCompanyAndChildren" classname="org.example.CompanyServiceTest" time="0"/>
  <testcase name="testGetEmployeeCountForSingleCompany" classname="org.example.CompanyServiceTest" time="0"/>
  <testcase name="testGetEmployeeCountWithNestedCompanies" classname="org.example.CompanyServiceTest" time="0"/>
  <testcase name="testGetEmployeeCountForNoChildren" classname="org.example.CompanyServiceTest" time="0"/>
</testsuite>